2022-08-01 11:52:09.384 [main] INFO  com.af.AfSystemSpringBoot - Starting AfSystemSpringBoot using Java 11.0.5 on DESKTOP-MGO4V5P with PID 4200 (C:\Users\19129\eclipse-code-201909\af-could\af-modules\af-system\target\classes started by 19129 in C:\Users\19129\eclipse-code-201909\af-could\af-modules\af-system)
2022-08-01 11:52:09.394 [main] INFO  com.af.AfSystemSpringBoot - No active profile set, falling back to 1 default profile: "default"
2022-08-01 11:52:11.599 [main] INFO  o.s.d.r.config.RepositoryConfigurationDelegate - Multiple Spring Data modules found, entering strict repository configuration mode!
2022-08-01 11:52:11.606 [main] INFO  o.s.d.r.config.RepositoryConfigurationDelegate - Bootstrapping Spring Data Redis repositories in DEFAULT mode.
2022-08-01 11:52:11.672 [main] INFO  o.s.d.r.config.RepositoryConfigurationDelegate - Finished Spring Data repository scanning in 24 ms. Found 0 Redis repository interfaces.
2022-08-01 11:52:11.955 [main] WARN  org.mybatis.spring.mapper.ClassPathMapperScanner - No MyBatis mapper was found in '[com.af]' package. Please check your configuration.
2022-08-01 11:52:13.901 [main] INFO  o.s.boot.web.embedded.tomcat.TomcatWebServer - Tomcat initialized with port(s): 8902 (http)
2022-08-01 11:52:13.918 [main] INFO  org.apache.coyote.http11.Http11NioProtocol - Initializing ProtocolHandler ["http-nio-8902"]
2022-08-01 11:52:13.919 [main] INFO  org.apache.catalina.core.StandardService - Starting service [Tomcat]
2022-08-01 11:52:13.919 [main] INFO  org.apache.catalina.core.StandardEngine - Starting Servlet engine: [Apache Tomcat/9.0.60]
2022-08-01 11:52:14.148 [main] INFO  o.a.c.core.ContainerBase.[Tomcat].[localhost].[/] - Initializing Spring embedded WebApplicationContext
2022-08-01 11:52:14.148 [main] INFO  o.s.b.w.s.c.ServletWebServerApplicationContext - Root WebApplicationContext: initialization completed in 4528 ms
2022-08-01 11:52:18.483 [main] INFO  c.a.d.s.b.a.DruidDataSourceAutoConfigure - Init DruidDataSource
2022-08-01 11:52:18.836 [main] INFO  com.alibaba.druid.pool.DruidDataSource - {dataSource-1} inited
2022-08-01 11:52:21.232 [main] INFO  org.apache.coyote.http11.Http11NioProtocol - Starting ProtocolHandler ["http-nio-8902"]
2022-08-01 11:52:21.260 [main] INFO  o.s.boot.web.embedded.tomcat.TomcatWebServer - Tomcat started on port(s): 8902 (http) with context path ''
2022-08-01 11:52:21.834 [main] WARN  s.d.s.r.operation.OperationImplicitParameterReader - Unable to interpret the implicit parameter configuration with dataType: , dataTypeClass: class java.lang.Void
2022-08-01 11:52:21.898 [main] INFO  com.af.AfSystemSpringBoot - Started AfSystemSpringBoot in 13.594 seconds (JVM running for 15.003)
2022-08-01 11:52:53.428 [http-nio-8902-exec-2] INFO  o.a.c.core.ContainerBase.[Tomcat].[localhost].[/] - Initializing Spring DispatcherServlet 'dispatcherServlet'
2022-08-01 11:52:53.429 [http-nio-8902-exec-2] INFO  org.springframework.web.servlet.DispatcherServlet - Initializing Servlet 'dispatcherServlet'
2022-08-01 11:52:53.430 [http-nio-8902-exec-2] INFO  org.springframework.web.servlet.DispatcherServlet - Completed initialization in 1 ms
2022-08-01 14:10:40.624 [main] INFO  com.af.AfSystemSpringBoot - Starting AfSystemSpringBoot using Java 11.0.5 on DESKTOP-MGO4V5P with PID 5056 (C:\Users\19129\eclipse-code-201909\af-could\af-modules\af-system\target\classes started by 19129 in C:\Users\19129\eclipse-code-201909\af-could\af-modules\af-system)
2022-08-01 14:10:40.629 [main] INFO  com.af.AfSystemSpringBoot - No active profile set, falling back to 1 default profile: "default"
2022-08-01 14:10:42.112 [main] INFO  o.s.d.r.config.RepositoryConfigurationDelegate - Multiple Spring Data modules found, entering strict repository configuration mode!
2022-08-01 14:10:42.117 [main] INFO  o.s.d.r.config.RepositoryConfigurationDelegate - Bootstrapping Spring Data Redis repositories in DEFAULT mode.
2022-08-01 14:10:42.161 [main] INFO  o.s.d.r.config.RepositoryConfigurationDelegate - Finished Spring Data repository scanning in 18 ms. Found 0 Redis repository interfaces.
2022-08-01 14:10:42.394 [main] WARN  org.mybatis.spring.mapper.ClassPathMapperScanner - No MyBatis mapper was found in '[com.af]' package. Please check your configuration.
2022-08-01 14:10:43.814 [main] INFO  o.s.boot.web.embedded.tomcat.TomcatWebServer - Tomcat initialized with port(s): 8902 (http)
2022-08-01 14:10:43.830 [main] INFO  org.apache.coyote.http11.Http11NioProtocol - Initializing ProtocolHandler ["http-nio-8902"]
2022-08-01 14:10:43.830 [main] INFO  org.apache.catalina.core.StandardService - Starting service [Tomcat]
2022-08-01 14:10:43.830 [main] INFO  org.apache.catalina.core.StandardEngine - Starting Servlet engine: [Apache Tomcat/9.0.60]
2022-08-01 14:10:44.007 [main] INFO  o.a.c.core.ContainerBase.[Tomcat].[localhost].[/] - Initializing Spring embedded WebApplicationContext
2022-08-01 14:10:44.007 [main] INFO  o.s.b.w.s.c.ServletWebServerApplicationContext - Root WebApplicationContext: initialization completed in 3300 ms
2022-08-01 14:10:46.508 [main] INFO  c.a.d.s.b.a.DruidDataSourceAutoConfigure - Init DruidDataSource
2022-08-01 14:10:46.712 [main] INFO  com.alibaba.druid.pool.DruidDataSource - {dataSource-1} inited
2022-08-01 14:10:48.792 [main] INFO  org.apache.coyote.http11.Http11NioProtocol - Starting ProtocolHandler ["http-nio-8902"]
2022-08-01 14:10:48.818 [main] INFO  o.s.boot.web.embedded.tomcat.TomcatWebServer - Tomcat started on port(s): 8902 (http) with context path ''
2022-08-01 14:10:49.348 [main] WARN  s.d.s.r.operation.OperationImplicitParameterReader - Unable to interpret the implicit parameter configuration with dataType: , dataTypeClass: class java.lang.Void
2022-08-01 14:10:49.401 [main] INFO  com.af.AfSystemSpringBoot - Started AfSystemSpringBoot in 9.517 seconds (JVM running for 10.407)
2022-08-01 14:12:19.541 [http-nio-8902-exec-1] INFO  o.a.c.core.ContainerBase.[Tomcat].[localhost].[/] - Initializing Spring DispatcherServlet 'dispatcherServlet'
2022-08-01 14:12:19.542 [http-nio-8902-exec-1] INFO  org.springframework.web.servlet.DispatcherServlet - Initializing Servlet 'dispatcherServlet'
2022-08-01 14:12:19.544 [http-nio-8902-exec-1] INFO  org.springframework.web.servlet.DispatcherServlet - Completed initialization in 1 ms
2022-08-01 14:32:35.524 [main] INFO  com.af.AfSystemSpringBoot - Starting AfSystemSpringBoot using Java 11.0.5 on DESKTOP-MGO4V5P with PID 18444 (C:\Users\19129\eclipse-code-201909\af-could\af-modules\af-system\target\classes started by 19129 in C:\Users\19129\eclipse-code-201909\af-could\af-modules\af-system)
2022-08-01 14:32:35.531 [main] INFO  com.af.AfSystemSpringBoot - No active profile set, falling back to 1 default profile: "default"
2022-08-01 14:32:36.977 [main] INFO  o.s.d.r.config.RepositoryConfigurationDelegate - Multiple Spring Data modules found, entering strict repository configuration mode!
2022-08-01 14:32:36.982 [main] INFO  o.s.d.r.config.RepositoryConfigurationDelegate - Bootstrapping Spring Data Redis repositories in DEFAULT mode.
2022-08-01 14:32:37.023 [main] INFO  o.s.d.r.config.RepositoryConfigurationDelegate - Finished Spring Data repository scanning in 15 ms. Found 0 Redis repository interfaces.
2022-08-01 14:32:37.246 [main] WARN  org.mybatis.spring.mapper.ClassPathMapperScanner - No MyBatis mapper was found in '[com.af]' package. Please check your configuration.
2022-08-01 14:32:38.618 [main] INFO  o.s.boot.web.embedded.tomcat.TomcatWebServer - Tomcat initialized with port(s): 8902 (http)
2022-08-01 14:32:38.632 [main] INFO  org.apache.coyote.http11.Http11NioProtocol - Initializing ProtocolHandler ["http-nio-8902"]
2022-08-01 14:32:38.632 [main] INFO  org.apache.catalina.core.StandardService - Starting service [Tomcat]
2022-08-01 14:32:38.632 [main] INFO  org.apache.catalina.core.StandardEngine - Starting Servlet engine: [Apache Tomcat/9.0.60]
2022-08-01 14:32:38.796 [main] INFO  o.a.c.core.ContainerBase.[Tomcat].[localhost].[/] - Initializing Spring embedded WebApplicationContext
2022-08-01 14:32:38.796 [main] INFO  o.s.b.w.s.c.ServletWebServerApplicationContext - Root WebApplicationContext: initialization completed in 3188 ms
2022-08-01 14:32:41.382 [main] INFO  c.a.d.s.b.a.DruidDataSourceAutoConfigure - Init DruidDataSource
2022-08-01 14:32:41.568 [main] INFO  com.alibaba.druid.pool.DruidDataSource - {dataSource-1} inited
2022-08-01 14:32:43.039 [main] INFO  org.apache.coyote.http11.Http11NioProtocol - Starting ProtocolHandler ["http-nio-8902"]
2022-08-01 14:32:43.059 [main] INFO  o.s.boot.web.embedded.tomcat.TomcatWebServer - Tomcat started on port(s): 8902 (http) with context path ''
2022-08-01 14:32:43.419 [main] WARN  s.d.s.r.operation.OperationImplicitParameterReader - Unable to interpret the implicit parameter configuration with dataType: , dataTypeClass: class java.lang.Void
2022-08-01 14:32:43.456 [main] INFO  com.af.AfSystemSpringBoot - Started AfSystemSpringBoot in 8.647 seconds (JVM running for 9.532)
2022-08-01 14:32:47.793 [http-nio-8902-exec-2] INFO  o.a.c.core.ContainerBase.[Tomcat].[localhost].[/] - Initializing Spring DispatcherServlet 'dispatcherServlet'
2022-08-01 14:32:47.794 [http-nio-8902-exec-2] INFO  org.springframework.web.servlet.DispatcherServlet - Initializing Servlet 'dispatcherServlet'
2022-08-01 14:32:47.795 [http-nio-8902-exec-2] INFO  org.springframework.web.servlet.DispatcherServlet - Completed initialization in 1 ms
2022-08-01 14:34:12.402 [main] INFO  com.af.AfSystemSpringBoot - Starting AfSystemSpringBoot using Java 11.0.5 on DESKTOP-MGO4V5P with PID 3008 (C:\Users\19129\eclipse-code-201909\af-could\af-modules\af-system\target\classes started by 19129 in C:\Users\19129\eclipse-code-201909\af-could\af-modules\af-system)
2022-08-01 14:34:12.406 [main] INFO  com.af.AfSystemSpringBoot - No active profile set, falling back to 1 default profile: "default"
2022-08-01 14:34:13.803 [main] INFO  o.s.d.r.config.RepositoryConfigurationDelegate - Multiple Spring Data modules found, entering strict repository configuration mode!
2022-08-01 14:34:13.810 [main] INFO  o.s.d.r.config.RepositoryConfigurationDelegate - Bootstrapping Spring Data Redis repositories in DEFAULT mode.
2022-08-01 14:34:13.863 [main] INFO  o.s.d.r.config.RepositoryConfigurationDelegate - Finished Spring Data repository scanning in 21 ms. Found 0 Redis repository interfaces.
2022-08-01 14:34:14.097 [main] WARN  org.mybatis.spring.mapper.ClassPathMapperScanner - No MyBatis mapper was found in '[com.af]' package. Please check your configuration.
2022-08-01 14:34:15.392 [main] INFO  o.s.boot.web.embedded.tomcat.TomcatWebServer - Tomcat initialized with port(s): 8902 (http)
2022-08-01 14:34:15.405 [main] INFO  org.apache.coyote.http11.Http11NioProtocol - Initializing ProtocolHandler ["http-nio-8902"]
2022-08-01 14:34:15.406 [main] INFO  org.apache.catalina.core.StandardService - Starting service [Tomcat]
2022-08-01 14:34:15.406 [main] INFO  org.apache.catalina.core.StandardEngine - Starting Servlet engine: [Apache Tomcat/9.0.60]
2022-08-01 14:34:15.564 [main] INFO  o.a.c.core.ContainerBase.[Tomcat].[localhost].[/] - Initializing Spring embedded WebApplicationContext
2022-08-01 14:34:15.564 [main] INFO  o.s.b.w.s.c.ServletWebServerApplicationContext - Root WebApplicationContext: initialization completed in 3080 ms
2022-08-01 14:34:18.006 [main] INFO  c.a.d.s.b.a.DruidDataSourceAutoConfigure - Init DruidDataSource
2022-08-01 14:34:18.204 [main] INFO  com.alibaba.druid.pool.DruidDataSource - {dataSource-1} inited
2022-08-01 14:34:20.108 [main] INFO  org.apache.coyote.http11.Http11NioProtocol - Starting ProtocolHandler ["http-nio-8902"]
2022-08-01 14:34:20.135 [main] INFO  o.s.boot.web.embedded.tomcat.TomcatWebServer - Tomcat started on port(s): 8902 (http) with context path ''
2022-08-01 14:34:20.724 [main] WARN  s.d.s.r.operation.OperationImplicitParameterReader - Unable to interpret the implicit parameter configuration with dataType: , dataTypeClass: class java.lang.Void
2022-08-01 14:34:20.782 [main] INFO  com.af.AfSystemSpringBoot - Started AfSystemSpringBoot in 9.059 seconds (JVM running for 9.969)
2022-08-01 14:34:36.016 [http-nio-8902-exec-2] INFO  o.a.c.core.ContainerBase.[Tomcat].[localhost].[/] - Initializing Spring DispatcherServlet 'dispatcherServlet'
2022-08-01 14:34:36.017 [http-nio-8902-exec-2] INFO  org.springframework.web.servlet.DispatcherServlet - Initializing Servlet 'dispatcherServlet'
2022-08-01 14:34:36.018 [http-nio-8902-exec-2] INFO  org.springframework.web.servlet.DispatcherServlet - Completed initialization in 1 ms
2022-08-01 14:36:32.715 [main] INFO  com.af.AfSystemSpringBoot - Starting AfSystemSpringBoot using Java 11.0.5 on DESKTOP-MGO4V5P with PID 3128 (C:\Users\19129\eclipse-code-201909\af-could\af-modules\af-system\target\classes started by 19129 in C:\Users\19129\eclipse-code-201909\af-could\af-modules\af-system)
2022-08-01 14:36:32.721 [main] INFO  com.af.AfSystemSpringBoot - No active profile set, falling back to 1 default profile: "default"
2022-08-01 14:36:34.133 [main] INFO  o.s.d.r.config.RepositoryConfigurationDelegate - Multiple Spring Data modules found, entering strict repository configuration mode!
2022-08-01 14:36:34.139 [main] INFO  o.s.d.r.config.RepositoryConfigurationDelegate - Bootstrapping Spring Data Redis repositories in DEFAULT mode.
2022-08-01 14:36:34.174 [main] INFO  o.s.d.r.config.RepositoryConfigurationDelegate - Finished Spring Data repository scanning in 14 ms. Found 0 Redis repository interfaces.
2022-08-01 14:36:34.373 [main] WARN  org.mybatis.spring.mapper.ClassPathMapperScanner - No MyBatis mapper was found in '[com.af]' package. Please check your configuration.
2022-08-01 14:36:35.726 [main] INFO  o.s.boot.web.embedded.tomcat.TomcatWebServer - Tomcat initialized with port(s): 8902 (http)
2022-08-01 14:36:35.741 [main] INFO  org.apache.coyote.http11.Http11NioProtocol - Initializing ProtocolHandler ["http-nio-8902"]
2022-08-01 14:36:35.742 [main] INFO  org.apache.catalina.core.StandardService - Starting service [Tomcat]
2022-08-01 14:36:35.742 [main] INFO  org.apache.catalina.core.StandardEngine - Starting Servlet engine: [Apache Tomcat/9.0.60]
2022-08-01 14:36:35.905 [main] INFO  o.a.c.core.ContainerBase.[Tomcat].[localhost].[/] - Initializing Spring embedded WebApplicationContext
2022-08-01 14:36:35.906 [main] INFO  o.s.b.w.s.c.ServletWebServerApplicationContext - Root WebApplicationContext: initialization completed in 3119 ms
2022-08-01 14:36:38.316 [main] INFO  c.a.d.s.b.a.DruidDataSourceAutoConfigure - Init DruidDataSource
2022-08-01 14:36:38.513 [main] INFO  com.alibaba.druid.pool.DruidDataSource - {dataSource-1} inited
2022-08-01 14:36:40.360 [main] INFO  org.apache.coyote.http11.Http11NioProtocol - Starting ProtocolHandler ["http-nio-8902"]
2022-08-01 14:36:40.389 [main] INFO  o.s.boot.web.embedded.tomcat.TomcatWebServer - Tomcat started on port(s): 8902 (http) with context path ''
2022-08-01 14:36:40.972 [main] WARN  s.d.s.r.operation.OperationImplicitParameterReader - Unable to interpret the implicit parameter configuration with dataType: , dataTypeClass: class java.lang.Void
2022-08-01 14:36:41.033 [main] INFO  com.af.AfSystemSpringBoot - Started AfSystemSpringBoot in 9.013 seconds (JVM running for 9.884)
2022-08-01 14:36:59.392 [http-nio-8902-exec-1] INFO  o.a.c.core.ContainerBase.[Tomcat].[localhost].[/] - Initializing Spring DispatcherServlet 'dispatcherServlet'
2022-08-01 14:36:59.393 [http-nio-8902-exec-1] INFO  org.springframework.web.servlet.DispatcherServlet - Initializing Servlet 'dispatcherServlet'
2022-08-01 14:36:59.394 [http-nio-8902-exec-1] INFO  org.springframework.web.servlet.DispatcherServlet - Completed initialization in 1 ms
2022-08-01 14:37:14.781 [main] INFO  com.af.AfSystemSpringBoot - Starting AfSystemSpringBoot using Java 11.0.5 on DESKTOP-MGO4V5P with PID 1168 (C:\Users\19129\eclipse-code-201909\af-could\af-modules\af-system\target\classes started by 19129 in C:\Users\19129\eclipse-code-201909\af-could\af-modules\af-system)
2022-08-01 14:37:14.786 [main] INFO  com.af.AfSystemSpringBoot - No active profile set, falling back to 1 default profile: "default"
2022-08-01 14:37:16.529 [main] INFO  o.s.d.r.config.RepositoryConfigurationDelegate - Multiple Spring Data modules found, entering strict repository configuration mode!
2022-08-01 14:37:16.533 [main] INFO  o.s.d.r.config.RepositoryConfigurationDelegate - Bootstrapping Spring Data Redis repositories in DEFAULT mode.
2022-08-01 14:37:16.575 [main] INFO  o.s.d.r.config.RepositoryConfigurationDelegate - Finished Spring Data repository scanning in 16 ms. Found 0 Redis repository interfaces.
2022-08-01 14:37:16.795 [main] WARN  org.mybatis.spring.mapper.ClassPathMapperScanner - No MyBatis mapper was found in '[com.af]' package. Please check your configuration.
2022-08-01 14:37:18.164 [main] INFO  o.s.boot.web.embedded.tomcat.TomcatWebServer - Tomcat initialized with port(s): 8902 (http)
2022-08-01 14:37:18.179 [main] INFO  org.apache.coyote.http11.Http11NioProtocol - Initializing ProtocolHandler ["http-nio-8902"]
2022-08-01 14:37:18.180 [main] INFO  org.apache.catalina.core.StandardService - Starting service [Tomcat]
2022-08-01 14:37:18.180 [main] INFO  org.apache.catalina.core.StandardEngine - Starting Servlet engine: [Apache Tomcat/9.0.60]
2022-08-01 14:37:18.331 [main] INFO  o.a.c.core.ContainerBase.[Tomcat].[localhost].[/] - Initializing Spring embedded WebApplicationContext
2022-08-01 14:37:18.331 [main] INFO  o.s.b.w.s.c.ServletWebServerApplicationContext - Root WebApplicationContext: initialization completed in 3468 ms
2022-08-01 14:37:20.775 [main] INFO  c.a.d.s.b.a.DruidDataSourceAutoConfigure - Init DruidDataSource
2022-08-01 14:37:20.985 [main] INFO  com.alibaba.druid.pool.DruidDataSource - {dataSource-1} inited
2022-08-01 14:37:22.481 [main] INFO  org.apache.coyote.http11.Http11NioProtocol - Starting ProtocolHandler ["http-nio-8902"]
2022-08-01 14:37:22.484 [main] WARN  o.s.b.w.s.c.AnnotationConfigServletWebServerApplicationContext - Exception encountered during context initialization - cancelling refresh attempt: org.springframework.context.ApplicationContextException: Failed to start bean 'webServerStartStop'; nested exception is org.springframework.boot.web.server.PortInUseException: Port 8902 is already in use
2022-08-01 14:37:22.485 [main] INFO  com.alibaba.druid.pool.DruidDataSource - {dataSource-1} closing ...
2022-08-01 14:37:22.488 [main] INFO  com.alibaba.druid.pool.DruidDataSource - {dataSource-1} closed
2022-08-01 14:37:22.529 [main] INFO  org.apache.coyote.http11.Http11NioProtocol - Pausing ProtocolHandler ["http-nio-8902"]
2022-08-01 14:37:22.530 [main] INFO  org.apache.catalina.core.StandardService - Stopping service [Tomcat]
2022-08-01 14:37:22.559 [main] INFO  org.apache.coyote.http11.Http11NioProtocol - Stopping ProtocolHandler ["http-nio-8902"]
2022-08-01 14:37:22.559 [main] INFO  org.apache.coyote.http11.Http11NioProtocol - Destroying ProtocolHandler ["http-nio-8902"]
2022-08-01 14:37:22.570 [main] INFO  o.s.b.a.l.ConditionEvaluationReportLoggingListener - 

Error starting ApplicationContext. To display the conditions report re-run your application with 'debug' enabled.
2022-08-01 14:37:22.593 [main] ERROR o.s.b.diagnostics.LoggingFailureAnalysisReporter - 

***************************
APPLICATION FAILED TO START
***************************

Description:

Web server failed to start. Port 8902 was already in use.

Action:

Identify and stop the process that's listening on port 8902 or configure this application to listen on another port.

2022-08-01 14:37:37.102 [main] INFO  com.af.AfSystemSpringBoot - Starting AfSystemSpringBoot using Java 11.0.5 on DESKTOP-MGO4V5P with PID 17824 (C:\Users\19129\eclipse-code-201909\af-could\af-modules\af-system\target\classes started by 19129 in C:\Users\19129\eclipse-code-201909\af-could\af-modules\af-system)
2022-08-01 14:37:37.107 [main] INFO  com.af.AfSystemSpringBoot - No active profile set, falling back to 1 default profile: "default"
2022-08-01 14:37:38.690 [main] INFO  o.s.d.r.config.RepositoryConfigurationDelegate - Multiple Spring Data modules found, entering strict repository configuration mode!
2022-08-01 14:37:38.696 [main] INFO  o.s.d.r.config.RepositoryConfigurationDelegate - Bootstrapping Spring Data Redis repositories in DEFAULT mode.
2022-08-01 14:37:38.747 [main] INFO  o.s.d.r.config.RepositoryConfigurationDelegate - Finished Spring Data repository scanning in 21 ms. Found 0 Redis repository interfaces.
2022-08-01 14:37:38.995 [main] WARN  org.mybatis.spring.mapper.ClassPathMapperScanner - No MyBatis mapper was found in '[com.af]' package. Please check your configuration.
2022-08-01 14:37:40.493 [main] INFO  o.s.boot.web.embedded.tomcat.TomcatWebServer - Tomcat initialized with port(s): 8902 (http)
2022-08-01 14:37:40.507 [main] INFO  org.apache.coyote.http11.Http11NioProtocol - Initializing ProtocolHandler ["http-nio-8902"]
2022-08-01 14:37:40.508 [main] INFO  org.apache.catalina.core.StandardService - Starting service [Tomcat]
2022-08-01 14:37:40.508 [main] INFO  org.apache.catalina.core.StandardEngine - Starting Servlet engine: [Apache Tomcat/9.0.60]
2022-08-01 14:37:40.668 [main] INFO  o.a.c.core.ContainerBase.[Tomcat].[localhost].[/] - Initializing Spring embedded WebApplicationContext
2022-08-01 14:37:40.668 [main] INFO  o.s.b.w.s.c.ServletWebServerApplicationContext - Root WebApplicationContext: initialization completed in 3492 ms
2022-08-01 14:37:43.251 [main] INFO  c.a.d.s.b.a.DruidDataSourceAutoConfigure - Init DruidDataSource
2022-08-01 14:37:43.476 [main] INFO  com.alibaba.druid.pool.DruidDataSource - {dataSource-1} inited
2022-08-01 14:37:45.632 [main] INFO  org.apache.coyote.http11.Http11NioProtocol - Starting ProtocolHandler ["http-nio-8902"]
2022-08-01 14:37:45.663 [main] INFO  o.s.boot.web.embedded.tomcat.TomcatWebServer - Tomcat started on port(s): 8902 (http) with context path ''
2022-08-01 14:37:46.187 [main] WARN  s.d.s.r.operation.OperationImplicitParameterReader - Unable to interpret the implicit parameter configuration with dataType: , dataTypeClass: class java.lang.Void
2022-08-01 14:37:46.255 [main] INFO  com.af.AfSystemSpringBoot - Started AfSystemSpringBoot in 9.909 seconds (JVM running for 10.816)
2022-08-01 14:38:26.433 [http-nio-8902-exec-2] INFO  o.a.c.core.ContainerBase.[Tomcat].[localhost].[/] - Initializing Spring DispatcherServlet 'dispatcherServlet'
2022-08-01 14:38:26.433 [http-nio-8902-exec-2] INFO  org.springframework.web.servlet.DispatcherServlet - Initializing Servlet 'dispatcherServlet'
2022-08-01 14:38:26.435 [http-nio-8902-exec-2] INFO  org.springframework.web.servlet.DispatcherServlet - Completed initialization in 1 ms
2022-08-01 14:43:05.594 [main] INFO  com.af.AfSystemSpringBoot - Starting AfSystemSpringBoot using Java 11.0.5 on DESKTOP-MGO4V5P with PID 932 (C:\Users\19129\eclipse-code-201909\af-could\af-modules\af-system\target\classes started by 19129 in C:\Users\19129\eclipse-code-201909\af-could\af-modules\af-system)
2022-08-01 14:43:05.602 [main] INFO  com.af.AfSystemSpringBoot - No active profile set, falling back to 1 default profile: "default"
2022-08-01 14:43:07.109 [main] INFO  o.s.d.r.config.RepositoryConfigurationDelegate - Multiple Spring Data modules found, entering strict repository configuration mode!
2022-08-01 14:43:07.115 [main] INFO  o.s.d.r.config.RepositoryConfigurationDelegate - Bootstrapping Spring Data Redis repositories in DEFAULT mode.
2022-08-01 14:43:07.157 [main] INFO  o.s.d.r.config.RepositoryConfigurationDelegate - Finished Spring Data repository scanning in 16 ms. Found 0 Redis repository interfaces.
2022-08-01 14:43:07.374 [main] WARN  org.mybatis.spring.mapper.ClassPathMapperScanner - No MyBatis mapper was found in '[com.af]' package. Please check your configuration.
2022-08-01 14:43:08.793 [main] INFO  o.s.boot.web.embedded.tomcat.TomcatWebServer - Tomcat initialized with port(s): 8902 (http)
2022-08-01 14:43:08.807 [main] INFO  org.apache.coyote.http11.Http11NioProtocol - Initializing ProtocolHandler ["http-nio-8902"]
2022-08-01 14:43:08.807 [main] INFO  org.apache.catalina.core.StandardService - Starting service [Tomcat]
2022-08-01 14:43:08.807 [main] INFO  org.apache.catalina.core.StandardEngine - Starting Servlet engine: [Apache Tomcat/9.0.60]
2022-08-01 14:43:08.971 [main] INFO  o.a.c.core.ContainerBase.[Tomcat].[localhost].[/] - Initializing Spring embedded WebApplicationContext
2022-08-01 14:43:08.972 [main] INFO  o.s.b.w.s.c.ServletWebServerApplicationContext - Root WebApplicationContext: initialization completed in 3296 ms
2022-08-01 14:43:11.588 [main] INFO  c.a.d.s.b.a.DruidDataSourceAutoConfigure - Init DruidDataSource
2022-08-01 14:43:11.805 [main] INFO  com.alibaba.druid.pool.DruidDataSource - {dataSource-1} inited
2022-08-01 14:43:13.338 [main] INFO  org.apache.coyote.http11.Http11NioProtocol - Starting ProtocolHandler ["http-nio-8902"]
2022-08-01 14:43:13.366 [main] INFO  o.s.boot.web.embedded.tomcat.TomcatWebServer - Tomcat started on port(s): 8902 (http) with context path ''
2022-08-01 14:43:13.737 [main] WARN  s.d.s.r.operation.OperationImplicitParameterReader - Unable to interpret the implicit parameter configuration with dataType: , dataTypeClass: class java.lang.Void
2022-08-01 14:43:13.775 [main] INFO  com.af.AfSystemSpringBoot - Started AfSystemSpringBoot in 8.941 seconds (JVM running for 9.925)
2022-08-01 14:43:19.168 [http-nio-8902-exec-1] INFO  o.a.c.core.ContainerBase.[Tomcat].[localhost].[/] - Initializing Spring DispatcherServlet 'dispatcherServlet'
2022-08-01 14:43:19.169 [http-nio-8902-exec-1] INFO  org.springframework.web.servlet.DispatcherServlet - Initializing Servlet 'dispatcherServlet'
2022-08-01 14:43:19.172 [http-nio-8902-exec-1] INFO  org.springframework.web.servlet.DispatcherServlet - Completed initialization in 2 ms
2022-08-01 14:44:07.690 [main] INFO  com.af.AfSystemSpringBoot - Starting AfSystemSpringBoot using Java 11.0.5 on DESKTOP-MGO4V5P with PID 24484 (C:\Users\19129\eclipse-code-201909\af-could\af-modules\af-system\target\classes started by 19129 in C:\Users\19129\eclipse-code-201909\af-could\af-modules\af-system)
2022-08-01 14:44:07.695 [main] INFO  com.af.AfSystemSpringBoot - No active profile set, falling back to 1 default profile: "default"
2022-08-01 14:44:09.126 [main] INFO  o.s.d.r.config.RepositoryConfigurationDelegate - Multiple Spring Data modules found, entering strict repository configuration mode!
2022-08-01 14:44:09.132 [main] INFO  o.s.d.r.config.RepositoryConfigurationDelegate - Bootstrapping Spring Data Redis repositories in DEFAULT mode.
2022-08-01 14:44:09.169 [main] INFO  o.s.d.r.config.RepositoryConfigurationDelegate - Finished Spring Data repository scanning in 15 ms. Found 0 Redis repository interfaces.
2022-08-01 14:44:09.487 [main] WARN  org.mybatis.spring.mapper.ClassPathMapperScanner - No MyBatis mapper was found in '[com.af]' package. Please check your configuration.
2022-08-01 14:44:11.178 [main] INFO  o.s.boot.web.embedded.tomcat.TomcatWebServer - Tomcat initialized with port(s): 8902 (http)
2022-08-01 14:44:11.214 [main] INFO  org.apache.coyote.http11.Http11NioProtocol - Initializing ProtocolHandler ["http-nio-8902"]
2022-08-01 14:44:11.214 [main] INFO  org.apache.catalina.core.StandardService - Starting service [Tomcat]
2022-08-01 14:44:11.215 [main] INFO  org.apache.catalina.core.StandardEngine - Starting Servlet engine: [Apache Tomcat/9.0.60]
2022-08-01 14:44:11.415 [main] INFO  o.a.c.core.ContainerBase.[Tomcat].[localhost].[/] - Initializing Spring embedded WebApplicationContext
2022-08-01 14:44:11.416 [main] INFO  o.s.b.w.s.c.ServletWebServerApplicationContext - Root WebApplicationContext: initialization completed in 3652 ms
2022-08-01 14:44:14.225 [main] INFO  c.a.d.s.b.a.DruidDataSourceAutoConfigure - Init DruidDataSource
2022-08-01 14:44:14.524 [main] INFO  com.alibaba.druid.pool.DruidDataSource - {dataSource-1} inited
2022-08-01 14:44:16.739 [main] INFO  org.apache.coyote.http11.Http11NioProtocol - Starting ProtocolHandler ["http-nio-8902"]
2022-08-01 14:44:16.766 [main] INFO  o.s.boot.web.embedded.tomcat.TomcatWebServer - Tomcat started on port(s): 8902 (http) with context path ''
2022-08-01 14:44:17.327 [main] WARN  s.d.s.r.operation.OperationImplicitParameterReader - Unable to interpret the implicit parameter configuration with dataType: , dataTypeClass: class java.lang.Void
2022-08-01 14:44:17.388 [main] INFO  com.af.AfSystemSpringBoot - Started AfSystemSpringBoot in 10.433 seconds (JVM running for 11.331)
2022-08-01 14:44:23.532 [http-nio-8902-exec-1] INFO  o.a.c.core.ContainerBase.[Tomcat].[localhost].[/] - Initializing Spring DispatcherServlet 'dispatcherServlet'
2022-08-01 14:44:23.533 [http-nio-8902-exec-1] INFO  org.springframework.web.servlet.DispatcherServlet - Initializing Servlet 'dispatcherServlet'
2022-08-01 14:44:23.534 [http-nio-8902-exec-1] INFO  org.springframework.web.servlet.DispatcherServlet - Completed initialization in 1 ms
2022-08-01 15:13:53.488 [main] INFO  com.af.AfSystemSpringBoot - Starting AfSystemSpringBoot using Java 11.0.5 on DESKTOP-MGO4V5P with PID 3776 (C:\Users\19129\eclipse-code-201909\af-could\af-modules\af-system\target\classes started by 19129 in C:\Users\19129\eclipse-code-201909\af-could\af-modules\af-system)
2022-08-01 15:13:53.492 [main] INFO  com.af.AfSystemSpringBoot - No active profile set, falling back to 1 default profile: "default"
2022-08-01 15:13:54.899 [main] INFO  o.s.d.r.config.RepositoryConfigurationDelegate - Multiple Spring Data modules found, entering strict repository configuration mode!
2022-08-01 15:13:54.904 [main] INFO  o.s.d.r.config.RepositoryConfigurationDelegate - Bootstrapping Spring Data Redis repositories in DEFAULT mode.
2022-08-01 15:13:54.940 [main] INFO  o.s.d.r.config.RepositoryConfigurationDelegate - Finished Spring Data repository scanning in 13 ms. Found 0 Redis repository interfaces.
2022-08-01 15:13:55.145 [main] WARN  org.mybatis.spring.mapper.ClassPathMapperScanner - No MyBatis mapper was found in '[com.af]' package. Please check your configuration.
2022-08-01 15:13:56.471 [main] INFO  o.s.boot.web.embedded.tomcat.TomcatWebServer - Tomcat initialized with port(s): 8902 (http)
2022-08-01 15:13:56.485 [main] INFO  org.apache.coyote.http11.Http11NioProtocol - Initializing ProtocolHandler ["http-nio-8902"]
2022-08-01 15:13:56.486 [main] INFO  org.apache.catalina.core.StandardService - Starting service [Tomcat]
2022-08-01 15:13:56.486 [main] INFO  org.apache.catalina.core.StandardEngine - Starting Servlet engine: [Apache Tomcat/9.0.60]
2022-08-01 15:13:56.649 [main] INFO  o.a.c.core.ContainerBase.[Tomcat].[localhost].[/] - Initializing Spring embedded WebApplicationContext
2022-08-01 15:13:56.649 [main] INFO  o.s.b.w.s.c.ServletWebServerApplicationContext - Root WebApplicationContext: initialization completed in 3084 ms
2022-08-01 15:13:59.156 [main] INFO  c.a.d.s.b.a.DruidDataSourceAutoConfigure - Init DruidDataSource
2022-08-01 15:13:59.359 [main] INFO  com.alibaba.druid.pool.DruidDataSource - {dataSource-1} inited
2022-08-01 15:14:00.814 [main] INFO  org.apache.coyote.http11.Http11NioProtocol - Starting ProtocolHandler ["http-nio-8902"]
2022-08-01 15:14:00.834 [main] INFO  o.s.boot.web.embedded.tomcat.TomcatWebServer - Tomcat started on port(s): 8902 (http) with context path ''
2022-08-01 15:14:01.213 [main] WARN  s.d.s.r.operation.OperationImplicitParameterReader - Unable to interpret the implicit parameter configuration with dataType: , dataTypeClass: class java.lang.Void
2022-08-01 15:14:01.252 [main] INFO  com.af.AfSystemSpringBoot - Started AfSystemSpringBoot in 8.46 seconds (JVM running for 9.352)
2022-08-01 15:14:07.494 [http-nio-8902-exec-1] INFO  o.a.c.core.ContainerBase.[Tomcat].[localhost].[/] - Initializing Spring DispatcherServlet 'dispatcherServlet'
2022-08-01 15:14:07.494 [http-nio-8902-exec-1] INFO  org.springframework.web.servlet.DispatcherServlet - Initializing Servlet 'dispatcherServlet'
2022-08-01 15:14:07.496 [http-nio-8902-exec-1] INFO  org.springframework.web.servlet.DispatcherServlet - Completed initialization in 2 ms
2022-08-01 15:14:12.633 [http-nio-8902-exec-1] ERROR com.af.common.exception.GlobalExceptionHandler - Handler dispatch failed; nested exception is java.lang.Error: Unresolved compilation problem: 
	Syntax error on token ")", delete this token

org.springframework.web.util.NestedServletException: Handler dispatch failed; nested exception is java.lang.Error: Unresolved compilation problem: 
	Syntax error on token ")", delete this token

	at org.springframework.web.servlet.DispatcherServlet.doDispatch(DispatcherServlet.java:1082)
	at org.springframework.web.servlet.DispatcherServlet.doService(DispatcherServlet.java:963)
	at org.springframework.web.servlet.FrameworkServlet.processRequest(FrameworkServlet.java:1006)
	at org.springframework.web.servlet.FrameworkServlet.doPost(FrameworkServlet.java:909)
	at javax.servlet.http.HttpServlet.service(HttpServlet.java:681)
	at org.springframework.web.servlet.FrameworkServlet.service(FrameworkServlet.java:883)
	at javax.servlet.http.HttpServlet.service(HttpServlet.java:764)
	at org.apache.catalina.core.ApplicationFilterChain.internalDoFilter(ApplicationFilterChain.java:227)
	at org.apache.catalina.core.ApplicationFilterChain.doFilter(ApplicationFilterChain.java:162)
	at org.apache.tomcat.websocket.server.WsFilter.doFilter(WsFilter.java:53)
	at org.apache.catalina.core.ApplicationFilterChain.internalDoFilter(ApplicationFilterChain.java:189)
	at org.apache.catalina.core.ApplicationFilterChain.doFilter(ApplicationFilterChain.java:162)
	at com.af.common.filter.CorsFilter.doFilter(CorsFilter.java:80)
	at org.apache.catalina.core.ApplicationFilterChain.internalDoFilter(ApplicationFilterChain.java:189)
	at org.apache.catalina.core.ApplicationFilterChain.doFilter(ApplicationFilterChain.java:162)
	at org.springframework.web.filter.CharacterEncodingFilter.doFilterInternal(CharacterEncodingFilter.java:201)
	at org.springframework.web.filter.OncePerRequestFilter.doFilter(OncePerRequestFilter.java:117)
	at org.apache.catalina.core.ApplicationFilterChain.internalDoFilter(ApplicationFilterChain.java:189)
	at org.apache.catalina.core.ApplicationFilterChain.doFilter(ApplicationFilterChain.java:162)
	at org.apache.catalina.core.StandardWrapperValve.invoke(StandardWrapperValve.java:197)
	at org.apache.catalina.core.StandardContextValve.invoke(StandardContextValve.java:97)
	at org.apache.catalina.authenticator.AuthenticatorBase.invoke(AuthenticatorBase.java:541)
	at org.apache.catalina.core.StandardHostValve.invoke(StandardHostValve.java:135)
	at org.apache.catalina.valves.ErrorReportValve.invoke(ErrorReportValve.java:92)
	at org.apache.catalina.core.StandardEngineValve.invoke(StandardEngineValve.java:78)
	at org.apache.catalina.connector.CoyoteAdapter.service(CoyoteAdapter.java:360)
	at org.apache.coyote.http11.Http11Processor.service(Http11Processor.java:399)
	at org.apache.coyote.AbstractProcessorLight.process(AbstractProcessorLight.java:65)
	at org.apache.coyote.AbstractProtocol$ConnectionHandler.process(AbstractProtocol.java:889)
	at org.apache.tomcat.util.net.NioEndpoint$SocketProcessor.doRun(NioEndpoint.java:1743)
	at org.apache.tomcat.util.net.SocketProcessorBase.run(SocketProcessorBase.java:49)
	at org.apache.tomcat.util.threads.ThreadPoolExecutor.runWorker(ThreadPoolExecutor.java:1191)
	at org.apache.tomcat.util.threads.ThreadPoolExecutor$Worker.run(ThreadPoolExecutor.java:659)
	at org.apache.tomcat.util.threads.TaskThread$WrappingRunnable.run(TaskThread.java:61)
	at java.base/java.lang.Thread.run(Thread.java:834)
Caused by: java.lang.Error: Unresolved compilation problem: 
	Syntax error on token ")", delete this token

	at com.af.controller.file.MinioUploadController.minioCommonUpload(MinioUploadController.java:89)
	at java.base/jdk.internal.reflect.NativeMethodAccessorImpl.invoke0(Native Method)
	at java.base/jdk.internal.reflect.NativeMethodAccessorImpl.invoke(NativeMethodAccessorImpl.java:62)
	at java.base/jdk.internal.reflect.DelegatingMethodAccessorImpl.invoke(DelegatingMethodAccessorImpl.java:43)
	at java.base/java.lang.reflect.Method.invoke(Method.java:566)
	at org.springframework.web.method.support.InvocableHandlerMethod.doInvoke(InvocableHandlerMethod.java:205)
	at org.springframework.web.method.support.InvocableHandlerMethod.invokeForRequest(InvocableHandlerMethod.java:150)
	at org.springframework.web.servlet.mvc.method.annotation.ServletInvocableHandlerMethod.invokeAndHandle(ServletInvocableHandlerMethod.java:117)
	at org.springframework.web.servlet.mvc.method.annotation.RequestMappingHandlerAdapter.invokeHandlerMethod(RequestMappingHandlerAdapter.java:895)
	at org.springframework.web.servlet.mvc.method.annotation.RequestMappingHandlerAdapter.handleInternal(RequestMappingHandlerAdapter.java:808)
	at org.springframework.web.servlet.mvc.method.AbstractHandlerMethodAdapter.handle(AbstractHandlerMethodAdapter.java:87)
	at org.springframework.web.servlet.DispatcherServlet.doDispatch(DispatcherServlet.java:1067)
	... 34 common frames omitted
2022-08-01 15:14:34.432 [main] INFO  com.af.AfSystemSpringBoot - Starting AfSystemSpringBoot using Java 11.0.5 on DESKTOP-MGO4V5P with PID 18840 (C:\Users\19129\eclipse-code-201909\af-could\af-modules\af-system\target\classes started by 19129 in C:\Users\19129\eclipse-code-201909\af-could\af-modules\af-system)
2022-08-01 15:14:34.438 [main] INFO  com.af.AfSystemSpringBoot - No active profile set, falling back to 1 default profile: "default"
2022-08-01 15:14:35.851 [main] INFO  o.s.d.r.config.RepositoryConfigurationDelegate - Multiple Spring Data modules found, entering strict repository configuration mode!
2022-08-01 15:14:35.855 [main] INFO  o.s.d.r.config.RepositoryConfigurationDelegate - Bootstrapping Spring Data Redis repositories in DEFAULT mode.
2022-08-01 15:14:35.894 [main] INFO  o.s.d.r.config.RepositoryConfigurationDelegate - Finished Spring Data repository scanning in 14 ms. Found 0 Redis repository interfaces.
2022-08-01 15:14:36.116 [main] WARN  org.mybatis.spring.mapper.ClassPathMapperScanner - No MyBatis mapper was found in '[com.af]' package. Please check your configuration.
2022-08-01 15:14:37.457 [main] INFO  o.s.boot.web.embedded.tomcat.TomcatWebServer - Tomcat initialized with port(s): 8902 (http)
2022-08-01 15:14:37.471 [main] INFO  org.apache.coyote.http11.Http11NioProtocol - Initializing ProtocolHandler ["http-nio-8902"]
2022-08-01 15:14:37.472 [main] INFO  org.apache.catalina.core.StandardService - Starting service [Tomcat]
2022-08-01 15:14:37.472 [main] INFO  org.apache.catalina.core.StandardEngine - Starting Servlet engine: [Apache Tomcat/9.0.60]
2022-08-01 15:14:37.629 [main] INFO  o.a.c.core.ContainerBase.[Tomcat].[localhost].[/] - Initializing Spring embedded WebApplicationContext
2022-08-01 15:14:37.629 [main] INFO  o.s.b.w.s.c.ServletWebServerApplicationContext - Root WebApplicationContext: initialization completed in 3116 ms
2022-08-01 15:14:40.079 [main] INFO  c.a.d.s.b.a.DruidDataSourceAutoConfigure - Init DruidDataSource
2022-08-01 15:14:40.276 [main] INFO  com.alibaba.druid.pool.DruidDataSource - {dataSource-1} inited
2022-08-01 15:14:41.772 [main] INFO  org.apache.coyote.http11.Http11NioProtocol - Starting ProtocolHandler ["http-nio-8902"]
2022-08-01 15:14:41.796 [main] INFO  o.s.boot.web.embedded.tomcat.TomcatWebServer - Tomcat started on port(s): 8902 (http) with context path ''
2022-08-01 15:14:42.149 [main] WARN  s.d.s.r.operation.OperationImplicitParameterReader - Unable to interpret the implicit parameter configuration with dataType: , dataTypeClass: class java.lang.Void
2022-08-01 15:14:42.189 [main] INFO  com.af.AfSystemSpringBoot - Started AfSystemSpringBoot in 8.459 seconds (JVM running for 9.322)
2022-08-01 15:14:49.676 [http-nio-8902-exec-2] INFO  o.a.c.core.ContainerBase.[Tomcat].[localhost].[/] - Initializing Spring DispatcherServlet 'dispatcherServlet'
2022-08-01 15:14:49.677 [http-nio-8902-exec-2] INFO  org.springframework.web.servlet.DispatcherServlet - Initializing Servlet 'dispatcherServlet'
2022-08-01 15:14:49.678 [http-nio-8902-exec-2] INFO  org.springframework.web.servlet.DispatcherServlet - Completed initialization in 1 ms
2022-08-01 15:16:59.032 [main] INFO  com.af.AfSystemSpringBoot - Starting AfSystemSpringBoot using Java 11.0.5 on DESKTOP-MGO4V5P with PID 10612 (C:\Users\19129\eclipse-code-201909\af-could\af-modules\af-system\target\classes started by 19129 in C:\Users\19129\eclipse-code-201909\af-could\af-modules\af-system)
2022-08-01 15:16:59.038 [main] INFO  com.af.AfSystemSpringBoot - No active profile set, falling back to 1 default profile: "default"
2022-08-01 15:17:00.400 [main] INFO  o.s.d.r.config.RepositoryConfigurationDelegate - Multiple Spring Data modules found, entering strict repository configuration mode!
2022-08-01 15:17:00.405 [main] INFO  o.s.d.r.config.RepositoryConfigurationDelegate - Bootstrapping Spring Data Redis repositories in DEFAULT mode.
2022-08-01 15:17:00.440 [main] INFO  o.s.d.r.config.RepositoryConfigurationDelegate - Finished Spring Data repository scanning in 16 ms. Found 0 Redis repository interfaces.
2022-08-01 15:17:00.647 [main] WARN  org.mybatis.spring.mapper.ClassPathMapperScanner - No MyBatis mapper was found in '[com.af]' package. Please check your configuration.
2022-08-01 15:17:02.030 [main] INFO  o.s.boot.web.embedded.tomcat.TomcatWebServer - Tomcat initialized with port(s): 8902 (http)
2022-08-01 15:17:02.048 [main] INFO  org.apache.coyote.http11.Http11NioProtocol - Initializing ProtocolHandler ["http-nio-8902"]
2022-08-01 15:17:02.050 [main] INFO  org.apache.catalina.core.StandardService - Starting service [Tomcat]
2022-08-01 15:17:02.050 [main] INFO  org.apache.catalina.core.StandardEngine - Starting Servlet engine: [Apache Tomcat/9.0.60]
2022-08-01 15:17:02.213 [main] INFO  o.a.c.core.ContainerBase.[Tomcat].[localhost].[/] - Initializing Spring embedded WebApplicationContext
2022-08-01 15:17:02.213 [main] INFO  o.s.b.w.s.c.ServletWebServerApplicationContext - Root WebApplicationContext: initialization completed in 3096 ms
2022-08-01 15:17:04.717 [main] INFO  c.a.d.s.b.a.DruidDataSourceAutoConfigure - Init DruidDataSource
2022-08-01 15:17:04.913 [main] INFO  com.alibaba.druid.pool.DruidDataSource - {dataSource-1} inited
2022-08-01 15:17:06.454 [main] INFO  org.apache.coyote.http11.Http11NioProtocol - Starting ProtocolHandler ["http-nio-8902"]
2022-08-01 15:17:06.478 [main] INFO  o.s.boot.web.embedded.tomcat.TomcatWebServer - Tomcat started on port(s): 8902 (http) with context path ''
2022-08-01 15:17:06.837 [main] WARN  s.d.s.r.operation.OperationImplicitParameterReader - Unable to interpret the implicit parameter configuration with dataType: , dataTypeClass: class java.lang.Void
2022-08-01 15:17:06.871 [main] INFO  com.af.AfSystemSpringBoot - Started AfSystemSpringBoot in 8.541 seconds (JVM running for 9.456)
2022-08-01 15:17:09.378 [http-nio-8902-exec-1] INFO  o.a.c.core.ContainerBase.[Tomcat].[localhost].[/] - Initializing Spring DispatcherServlet 'dispatcherServlet'
2022-08-01 15:17:09.379 [http-nio-8902-exec-1] INFO  org.springframework.web.servlet.DispatcherServlet - Initializing Servlet 'dispatcherServlet'
2022-08-01 15:17:09.381 [http-nio-8902-exec-1] INFO  org.springframework.web.servlet.DispatcherServlet - Completed initialization in 2 ms
2022-08-01 15:21:12.571 [main] INFO  com.af.AfSystemSpringBoot - Starting AfSystemSpringBoot using Java 11.0.5 on DESKTOP-MGO4V5P with PID 13172 (C:\Users\19129\eclipse-code-201909\af-could\af-modules\af-system\target\classes started by 19129 in C:\Users\19129\eclipse-code-201909\af-could\af-modules\af-system)
2022-08-01 15:21:12.578 [main] INFO  com.af.AfSystemSpringBoot - No active profile set, falling back to 1 default profile: "default"
2022-08-01 15:21:14.030 [main] INFO  o.s.d.r.config.RepositoryConfigurationDelegate - Multiple Spring Data modules found, entering strict repository configuration mode!
2022-08-01 15:21:14.035 [main] INFO  o.s.d.r.config.RepositoryConfigurationDelegate - Bootstrapping Spring Data Redis repositories in DEFAULT mode.
2022-08-01 15:21:14.075 [main] INFO  o.s.d.r.config.RepositoryConfigurationDelegate - Finished Spring Data repository scanning in 14 ms. Found 0 Redis repository interfaces.
2022-08-01 15:21:14.301 [main] WARN  org.mybatis.spring.mapper.ClassPathMapperScanner - No MyBatis mapper was found in '[com.af]' package. Please check your configuration.
2022-08-01 15:21:15.656 [main] INFO  o.s.boot.web.embedded.tomcat.TomcatWebServer - Tomcat initialized with port(s): 8902 (http)
2022-08-01 15:21:15.668 [main] INFO  org.apache.coyote.http11.Http11NioProtocol - Initializing ProtocolHandler ["http-nio-8902"]
2022-08-01 15:21:15.670 [main] INFO  org.apache.catalina.core.StandardService - Starting service [Tomcat]
2022-08-01 15:21:15.670 [main] INFO  org.apache.catalina.core.StandardEngine - Starting Servlet engine: [Apache Tomcat/9.0.60]
2022-08-01 15:21:15.830 [main] INFO  o.a.c.core.ContainerBase.[Tomcat].[localhost].[/] - Initializing Spring embedded WebApplicationContext
2022-08-01 15:21:15.831 [main] INFO  o.s.b.w.s.c.ServletWebServerApplicationContext - Root WebApplicationContext: initialization completed in 3168 ms
2022-08-01 15:21:18.363 [main] INFO  c.a.d.s.b.a.DruidDataSourceAutoConfigure - Init DruidDataSource
2022-08-01 15:21:18.565 [main] INFO  com.alibaba.druid.pool.DruidDataSource - {dataSource-1} inited
2022-08-01 15:21:20.098 [main] INFO  org.apache.coyote.http11.Http11NioProtocol - Starting ProtocolHandler ["http-nio-8902"]
2022-08-01 15:21:20.117 [main] INFO  o.s.boot.web.embedded.tomcat.TomcatWebServer - Tomcat started on port(s): 8902 (http) with context path ''
2022-08-01 15:21:20.478 [main] WARN  s.d.s.r.operation.OperationImplicitParameterReader - Unable to interpret the implicit parameter configuration with dataType: , dataTypeClass: class java.lang.Void
2022-08-01 15:21:20.512 [main] INFO  com.af.AfSystemSpringBoot - Started AfSystemSpringBoot in 8.621 seconds (JVM running for 9.523)
2022-08-01 15:21:26.681 [http-nio-8902-exec-1] INFO  o.a.c.core.ContainerBase.[Tomcat].[localhost].[/] - Initializing Spring DispatcherServlet 'dispatcherServlet'
2022-08-01 15:21:26.681 [http-nio-8902-exec-1] INFO  org.springframework.web.servlet.DispatcherServlet - Initializing Servlet 'dispatcherServlet'
2022-08-01 15:21:26.682 [http-nio-8902-exec-1] INFO  org.springframework.web.servlet.DispatcherServlet - Completed initialization in 1 ms
2022-08-01 15:24:34.959 [main] INFO  com.af.AfSystemSpringBoot - Starting AfSystemSpringBoot using Java 11.0.5 on DESKTOP-MGO4V5P with PID 7388 (C:\Users\19129\eclipse-code-201909\af-could\af-modules\af-system\target\classes started by 19129 in C:\Users\19129\eclipse-code-201909\af-could\af-modules\af-system)
2022-08-01 15:24:34.965 [main] INFO  com.af.AfSystemSpringBoot - No active profile set, falling back to 1 default profile: "default"
2022-08-01 15:24:36.362 [main] INFO  o.s.d.r.config.RepositoryConfigurationDelegate - Multiple Spring Data modules found, entering strict repository configuration mode!
2022-08-01 15:24:36.366 [main] INFO  o.s.d.r.config.RepositoryConfigurationDelegate - Bootstrapping Spring Data Redis repositories in DEFAULT mode.
2022-08-01 15:24:36.407 [main] INFO  o.s.d.r.config.RepositoryConfigurationDelegate - Finished Spring Data repository scanning in 17 ms. Found 0 Redis repository interfaces.
2022-08-01 15:24:36.636 [main] WARN  org.mybatis.spring.mapper.ClassPathMapperScanner - No MyBatis mapper was found in '[com.af]' package. Please check your configuration.
2022-08-01 15:24:37.992 [main] INFO  o.s.boot.web.embedded.tomcat.TomcatWebServer - Tomcat initialized with port(s): 8902 (http)
2022-08-01 15:24:38.006 [main] INFO  org.apache.coyote.http11.Http11NioProtocol - Initializing ProtocolHandler ["http-nio-8902"]
2022-08-01 15:24:38.006 [main] INFO  org.apache.catalina.core.StandardService - Starting service [Tomcat]
2022-08-01 15:24:38.007 [main] INFO  org.apache.catalina.core.StandardEngine - Starting Servlet engine: [Apache Tomcat/9.0.60]
2022-08-01 15:24:38.175 [main] INFO  o.a.c.core.ContainerBase.[Tomcat].[localhost].[/] - Initializing Spring embedded WebApplicationContext
2022-08-01 15:24:38.175 [main] INFO  o.s.b.w.s.c.ServletWebServerApplicationContext - Root WebApplicationContext: initialization completed in 3143 ms
2022-08-01 15:24:40.705 [main] INFO  c.a.d.s.b.a.DruidDataSourceAutoConfigure - Init DruidDataSource
2022-08-01 15:24:40.908 [main] INFO  com.alibaba.druid.pool.DruidDataSource - {dataSource-1} inited
2022-08-01 15:24:42.420 [main] INFO  org.apache.coyote.http11.Http11NioProtocol - Starting ProtocolHandler ["http-nio-8902"]
2022-08-01 15:24:42.439 [main] INFO  o.s.boot.web.embedded.tomcat.TomcatWebServer - Tomcat started on port(s): 8902 (http) with context path ''
2022-08-01 15:24:42.797 [main] WARN  s.d.s.r.operation.OperationImplicitParameterReader - Unable to interpret the implicit parameter configuration with dataType: , dataTypeClass: class java.lang.Void
2022-08-01 15:24:42.835 [main] INFO  com.af.AfSystemSpringBoot - Started AfSystemSpringBoot in 8.602 seconds (JVM running for 9.482)
2022-08-01 15:24:46.634 [http-nio-8902-exec-1] INFO  o.a.c.core.ContainerBase.[Tomcat].[localhost].[/] - Initializing Spring DispatcherServlet 'dispatcherServlet'
2022-08-01 15:24:46.634 [http-nio-8902-exec-1] INFO  org.springframework.web.servlet.DispatcherServlet - Initializing Servlet 'dispatcherServlet'
2022-08-01 15:24:46.635 [http-nio-8902-exec-1] INFO  org.springframework.web.servlet.DispatcherServlet - Completed initialization in 1 ms
