2022-04-14 11:31:40.373 [main] INFO  com.af.AfSystemSpringBoot - Starting AfSystemSpringBoot using Java 1.8.0_131 on DESKTOP-MGO4V5P with PID 15452 (C:\Users\19129\eclipse-code-201909\af-could\af-modules\af-system\target\classes started by 19129 in C:\Users\19129\eclipse-code-201909\af-could\af-modules\af-system)
2022-04-14 11:31:40.380 [main] INFO  com.af.AfSystemSpringBoot - No active profile set, falling back to 1 default profile: "default"
2022-04-14 11:31:41.972 [main] INFO  o.s.d.r.config.RepositoryConfigurationDelegate - Multiple Spring Data modules found, entering strict repository configuration mode!
2022-04-14 11:31:41.979 [main] INFO  o.s.d.r.config.RepositoryConfigurationDelegate - Bootstrapping Spring Data Redis repositories in DEFAULT mode.
2022-04-14 11:31:42.026 [main] INFO  o.s.d.r.config.RepositoryConfigurationDelegate - Finished Spring Data repository scanning in 19 ms. Found 0 Redis repository interfaces.
2022-04-14 11:31:42.284 [main] WARN  org.mybatis.spring.mapper.ClassPathMapperScanner - No MyBatis mapper was found in '[com.af]' package. Please check your configuration.
2022-04-14 11:31:43.948 [main] INFO  o.s.boot.web.embedded.tomcat.TomcatWebServer - Tomcat initialized with port(s): 8902 (http)
2022-04-14 11:31:43.967 [main] INFO  org.apache.coyote.http11.Http11NioProtocol - Initializing ProtocolHandler ["http-nio-8902"]
2022-04-14 11:31:43.968 [main] INFO  org.apache.catalina.core.StandardService - Starting service [Tomcat]
2022-04-14 11:31:43.969 [main] INFO  org.apache.catalina.core.StandardEngine - Starting Servlet engine: [Apache Tomcat/9.0.60]
2022-04-14 11:31:44.139 [main] INFO  o.a.c.core.ContainerBase.[Tomcat].[localhost].[/] - Initializing Spring embedded WebApplicationContext
2022-04-14 11:31:44.140 [main] INFO  o.s.b.w.s.c.ServletWebServerApplicationContext - Root WebApplicationContext: initialization completed in 3652 ms
2022-04-14 11:31:47.690 [main] INFO  c.a.d.s.b.a.DruidDataSourceAutoConfigure - Init DruidDataSource
2022-04-14 11:31:47.916 [main] INFO  com.alibaba.druid.pool.DruidDataSource - {dataSource-1} inited
2022-04-14 11:31:49.762 [main] INFO  org.apache.coyote.http11.Http11NioProtocol - Starting ProtocolHandler ["http-nio-8902"]
2022-04-14 11:31:49.779 [main] INFO  o.s.boot.web.embedded.tomcat.TomcatWebServer - Tomcat started on port(s): 8902 (http) with context path ''
2022-04-14 11:31:50.092 [main] WARN  s.d.s.r.operation.OperationImplicitParameterReader - Unable to interpret the implicit parameter configuration with dataType: , dataTypeClass: class java.lang.Void
2022-04-14 11:31:50.124 [main] INFO  com.af.AfSystemSpringBoot - Started AfSystemSpringBoot in 10.502 seconds (JVM running for 11.671)
2022-04-14 11:32:11.885 [http-nio-8902-exec-1] INFO  o.a.c.core.ContainerBase.[Tomcat].[localhost].[/] - Initializing Spring DispatcherServlet 'dispatcherServlet'
2022-04-14 11:32:11.889 [http-nio-8902-exec-1] INFO  org.springframework.web.servlet.DispatcherServlet - Initializing Servlet 'dispatcherServlet'
2022-04-14 11:32:11.891 [http-nio-8902-exec-1] INFO  org.springframework.web.servlet.DispatcherServlet - Completed initialization in 2 ms
2022-04-14 11:32:17.068 [http-nio-8902-exec-1] ERROR o.a.c.c.C.[.[localhost].[/].[dispatcherServlet] - Servlet.service() for servlet [dispatcherServlet] in context with path [] threw exception [Filter execution threw an exception] with root cause
java.lang.Error: Unresolved compilation problems: 
	The method setMessage(String) is undefined for the type Result
	The method setCode(Integer) is undefined for the type Result
	The method setSuccess(boolean) is undefined for the type Result

	at com.af.common.filter.CorsFilter.doFilter(CorsFilter.java:93)
	at org.apache.catalina.core.ApplicationFilterChain.internalDoFilter(ApplicationFilterChain.java:189)
	at org.apache.catalina.core.ApplicationFilterChain.doFilter(ApplicationFilterChain.java:162)
	at org.springframework.web.filter.CharacterEncodingFilter.doFilterInternal(CharacterEncodingFilter.java:201)
	at org.springframework.web.filter.OncePerRequestFilter.doFilter(OncePerRequestFilter.java:117)
	at org.apache.catalina.core.ApplicationFilterChain.internalDoFilter(ApplicationFilterChain.java:189)
	at org.apache.catalina.core.ApplicationFilterChain.doFilter(ApplicationFilterChain.java:162)
	at org.apache.catalina.core.StandardWrapperValve.invoke(StandardWrapperValve.java:197)
	at org.apache.catalina.core.StandardContextValve.invoke(StandardContextValve.java:97)
	at org.apache.catalina.authenticator.AuthenticatorBase.invoke(AuthenticatorBase.java:541)
	at org.apache.catalina.core.StandardHostValve.invoke(StandardHostValve.java:135)
	at org.apache.catalina.valves.ErrorReportValve.invoke(ErrorReportValve.java:92)
	at org.apache.catalina.core.StandardEngineValve.invoke(StandardEngineValve.java:78)
	at org.apache.catalina.connector.CoyoteAdapter.service(CoyoteAdapter.java:360)
	at org.apache.coyote.http11.Http11Processor.service(Http11Processor.java:399)
	at org.apache.coyote.AbstractProcessorLight.process(AbstractProcessorLight.java:65)
	at org.apache.coyote.AbstractProtocol$ConnectionHandler.process(AbstractProtocol.java:889)
	at org.apache.tomcat.util.net.NioEndpoint$SocketProcessor.doRun(NioEndpoint.java:1743)
	at org.apache.tomcat.util.net.SocketProcessorBase.run(SocketProcessorBase.java:49)
	at org.apache.tomcat.util.threads.ThreadPoolExecutor.runWorker(ThreadPoolExecutor.java:1191)
	at org.apache.tomcat.util.threads.ThreadPoolExecutor$Worker.run(ThreadPoolExecutor.java:659)
	at org.apache.tomcat.util.threads.TaskThread$WrappingRunnable.run(TaskThread.java:61)
	at java.lang.Thread.run(Thread.java:748)
2022-04-14 11:32:29.020 [http-nio-8902-exec-2] ERROR o.a.c.c.C.[.[localhost].[/].[dispatcherServlet] - Servlet.service() for servlet [dispatcherServlet] in context with path [] threw exception [Filter execution threw an exception] with root cause
java.lang.Error: Unresolved compilation problems: 
	The method setMessage(String) is undefined for the type Result
	The method setCode(Integer) is undefined for the type Result
	The method setSuccess(boolean) is undefined for the type Result

	at com.af.common.filter.CorsFilter.doFilter(CorsFilter.java:93)
	at org.apache.catalina.core.ApplicationFilterChain.internalDoFilter(ApplicationFilterChain.java:189)
	at org.apache.catalina.core.ApplicationFilterChain.doFilter(ApplicationFilterChain.java:162)
	at org.springframework.web.filter.CharacterEncodingFilter.doFilterInternal(CharacterEncodingFilter.java:201)
	at org.springframework.web.filter.OncePerRequestFilter.doFilter(OncePerRequestFilter.java:117)
	at org.apache.catalina.core.ApplicationFilterChain.internalDoFilter(ApplicationFilterChain.java:189)
	at org.apache.catalina.core.ApplicationFilterChain.doFilter(ApplicationFilterChain.java:162)
	at org.apache.catalina.core.StandardWrapperValve.invoke(StandardWrapperValve.java:197)
	at org.apache.catalina.core.StandardContextValve.invoke(StandardContextValve.java:97)
	at org.apache.catalina.authenticator.AuthenticatorBase.invoke(AuthenticatorBase.java:541)
	at org.apache.catalina.core.StandardHostValve.invoke(StandardHostValve.java:135)
	at org.apache.catalina.valves.ErrorReportValve.invoke(ErrorReportValve.java:92)
	at org.apache.catalina.core.StandardEngineValve.invoke(StandardEngineValve.java:78)
	at org.apache.catalina.connector.CoyoteAdapter.service(CoyoteAdapter.java:360)
	at org.apache.coyote.http11.Http11Processor.service(Http11Processor.java:399)
	at org.apache.coyote.AbstractProcessorLight.process(AbstractProcessorLight.java:65)
	at org.apache.coyote.AbstractProtocol$ConnectionHandler.process(AbstractProtocol.java:889)
	at org.apache.tomcat.util.net.NioEndpoint$SocketProcessor.doRun(NioEndpoint.java:1743)
	at org.apache.tomcat.util.net.SocketProcessorBase.run(SocketProcessorBase.java:49)
	at org.apache.tomcat.util.threads.ThreadPoolExecutor.runWorker(ThreadPoolExecutor.java:1191)
	at org.apache.tomcat.util.threads.ThreadPoolExecutor$Worker.run(ThreadPoolExecutor.java:659)
	at org.apache.tomcat.util.threads.TaskThread$WrappingRunnable.run(TaskThread.java:61)
	at java.lang.Thread.run(Thread.java:748)
2022-04-14 11:41:34.497 [main] INFO  com.af.AfSystemSpringBoot - Starting AfSystemSpringBoot using Java 1.8.0_131 on DESKTOP-MGO4V5P with PID 10716 (C:\Users\19129\eclipse-code-201909\af-could\af-modules\af-system\target\classes started by 19129 in C:\Users\19129\eclipse-code-201909\af-could\af-modules\af-system)
2022-04-14 11:41:34.502 [main] INFO  com.af.AfSystemSpringBoot - No active profile set, falling back to 1 default profile: "default"
2022-04-14 11:41:35.940 [main] INFO  o.s.d.r.config.RepositoryConfigurationDelegate - Multiple Spring Data modules found, entering strict repository configuration mode!
2022-04-14 11:41:35.947 [main] INFO  o.s.d.r.config.RepositoryConfigurationDelegate - Bootstrapping Spring Data Redis repositories in DEFAULT mode.
2022-04-14 11:41:36.010 [main] INFO  o.s.d.r.config.RepositoryConfigurationDelegate - Finished Spring Data repository scanning in 25 ms. Found 0 Redis repository interfaces.
2022-04-14 11:41:36.255 [main] WARN  org.mybatis.spring.mapper.ClassPathMapperScanner - No MyBatis mapper was found in '[com.af]' package. Please check your configuration.
2022-04-14 11:41:37.889 [main] INFO  o.s.boot.web.embedded.tomcat.TomcatWebServer - Tomcat initialized with port(s): 8902 (http)
2022-04-14 11:41:37.902 [main] INFO  org.apache.coyote.http11.Http11NioProtocol - Initializing ProtocolHandler ["http-nio-8902"]
2022-04-14 11:41:37.905 [main] INFO  org.apache.catalina.core.StandardService - Starting service [Tomcat]
2022-04-14 11:41:37.905 [main] INFO  org.apache.catalina.core.StandardEngine - Starting Servlet engine: [Apache Tomcat/9.0.60]
2022-04-14 11:41:38.039 [main] INFO  o.a.c.core.ContainerBase.[Tomcat].[localhost].[/] - Initializing Spring embedded WebApplicationContext
2022-04-14 11:41:38.039 [main] INFO  o.s.b.w.s.c.ServletWebServerApplicationContext - Root WebApplicationContext: initialization completed in 3438 ms
2022-04-14 11:41:41.587 [main] INFO  c.a.d.s.b.a.DruidDataSourceAutoConfigure - Init DruidDataSource
2022-04-14 11:41:41.768 [main] INFO  com.alibaba.druid.pool.DruidDataSource - {dataSource-1} inited
2022-04-14 11:41:43.428 [main] INFO  org.apache.coyote.http11.Http11NioProtocol - Starting ProtocolHandler ["http-nio-8902"]
2022-04-14 11:41:43.444 [main] INFO  o.s.boot.web.embedded.tomcat.TomcatWebServer - Tomcat started on port(s): 8902 (http) with context path ''
2022-04-14 11:41:43.735 [main] WARN  s.d.s.r.operation.OperationImplicitParameterReader - Unable to interpret the implicit parameter configuration with dataType: , dataTypeClass: class java.lang.Void
2022-04-14 11:41:43.766 [main] INFO  com.af.AfSystemSpringBoot - Started AfSystemSpringBoot in 9.963 seconds (JVM running for 10.861)
2022-04-14 11:49:33.755 [http-nio-8902-exec-2] INFO  o.a.c.core.ContainerBase.[Tomcat].[localhost].[/] - Initializing Spring DispatcherServlet 'dispatcherServlet'
2022-04-14 11:49:33.755 [http-nio-8902-exec-2] INFO  org.springframework.web.servlet.DispatcherServlet - Initializing Servlet 'dispatcherServlet'
2022-04-14 11:49:33.757 [http-nio-8902-exec-2] INFO  org.springframework.web.servlet.DispatcherServlet - Completed initialization in 1 ms
2022-04-14 11:49:40.917 [http-nio-8902-exec-2] ERROR o.a.c.c.C.[.[localhost].[/].[dispatcherServlet] - Servlet.service() for servlet [dispatcherServlet] in context with path [] threw exception [Filter execution threw an exception] with root cause
java.lang.Error: Unresolved compilation problems: 
	The method setMessage(String) is undefined for the type Result
	The method setCode(Integer) is undefined for the type Result
	The method setSuccess(boolean) is undefined for the type Result

	at com.af.common.filter.CorsFilter.doFilter(CorsFilter.java:93)
	at org.apache.catalina.core.ApplicationFilterChain.internalDoFilter(ApplicationFilterChain.java:189)
	at org.apache.catalina.core.ApplicationFilterChain.doFilter(ApplicationFilterChain.java:162)
	at org.springframework.web.filter.CharacterEncodingFilter.doFilterInternal(CharacterEncodingFilter.java:201)
	at org.springframework.web.filter.OncePerRequestFilter.doFilter(OncePerRequestFilter.java:117)
	at org.apache.catalina.core.ApplicationFilterChain.internalDoFilter(ApplicationFilterChain.java:189)
	at org.apache.catalina.core.ApplicationFilterChain.doFilter(ApplicationFilterChain.java:162)
	at org.apache.catalina.core.StandardWrapperValve.invoke(StandardWrapperValve.java:197)
	at org.apache.catalina.core.StandardContextValve.invoke(StandardContextValve.java:97)
	at org.apache.catalina.authenticator.AuthenticatorBase.invoke(AuthenticatorBase.java:541)
	at org.apache.catalina.core.StandardHostValve.invoke(StandardHostValve.java:135)
	at org.apache.catalina.valves.ErrorReportValve.invoke(ErrorReportValve.java:92)
	at org.apache.catalina.core.StandardEngineValve.invoke(StandardEngineValve.java:78)
	at org.apache.catalina.connector.CoyoteAdapter.service(CoyoteAdapter.java:360)
	at org.apache.coyote.http11.Http11Processor.service(Http11Processor.java:399)
	at org.apache.coyote.AbstractProcessorLight.process(AbstractProcessorLight.java:65)
	at org.apache.coyote.AbstractProtocol$ConnectionHandler.process(AbstractProtocol.java:889)
	at org.apache.tomcat.util.net.NioEndpoint$SocketProcessor.doRun(NioEndpoint.java:1743)
	at org.apache.tomcat.util.net.SocketProcessorBase.run(SocketProcessorBase.java:49)
	at org.apache.tomcat.util.threads.ThreadPoolExecutor.runWorker(ThreadPoolExecutor.java:1191)
	at org.apache.tomcat.util.threads.ThreadPoolExecutor$Worker.run(ThreadPoolExecutor.java:659)
	at org.apache.tomcat.util.threads.TaskThread$WrappingRunnable.run(TaskThread.java:61)
	at java.lang.Thread.run(Thread.java:748)
2022-04-14 11:49:42.780 [http-nio-8902-exec-3] ERROR o.a.c.c.C.[.[localhost].[/].[dispatcherServlet] - Servlet.service() for servlet [dispatcherServlet] in context with path [] threw exception [Filter execution threw an exception] with root cause
java.lang.Error: Unresolved compilation problems: 
	The method setMessage(String) is undefined for the type Result
	The method setCode(Integer) is undefined for the type Result
	The method setSuccess(boolean) is undefined for the type Result

	at com.af.common.filter.CorsFilter.doFilter(CorsFilter.java:93)
	at org.apache.catalina.core.ApplicationFilterChain.internalDoFilter(ApplicationFilterChain.java:189)
	at org.apache.catalina.core.ApplicationFilterChain.doFilter(ApplicationFilterChain.java:162)
	at org.springframework.web.filter.CharacterEncodingFilter.doFilterInternal(CharacterEncodingFilter.java:201)
	at org.springframework.web.filter.OncePerRequestFilter.doFilter(OncePerRequestFilter.java:117)
	at org.apache.catalina.core.ApplicationFilterChain.internalDoFilter(ApplicationFilterChain.java:189)
	at org.apache.catalina.core.ApplicationFilterChain.doFilter(ApplicationFilterChain.java:162)
	at org.apache.catalina.core.StandardWrapperValve.invoke(StandardWrapperValve.java:197)
	at org.apache.catalina.core.StandardContextValve.invoke(StandardContextValve.java:97)
	at org.apache.catalina.authenticator.AuthenticatorBase.invoke(AuthenticatorBase.java:541)
	at org.apache.catalina.core.StandardHostValve.invoke(StandardHostValve.java:135)
	at org.apache.catalina.valves.ErrorReportValve.invoke(ErrorReportValve.java:92)
	at org.apache.catalina.core.StandardEngineValve.invoke(StandardEngineValve.java:78)
	at org.apache.catalina.connector.CoyoteAdapter.service(CoyoteAdapter.java:360)
	at org.apache.coyote.http11.Http11Processor.service(Http11Processor.java:399)
	at org.apache.coyote.AbstractProcessorLight.process(AbstractProcessorLight.java:65)
	at org.apache.coyote.AbstractProtocol$ConnectionHandler.process(AbstractProtocol.java:889)
	at org.apache.tomcat.util.net.NioEndpoint$SocketProcessor.doRun(NioEndpoint.java:1743)
	at org.apache.tomcat.util.net.SocketProcessorBase.run(SocketProcessorBase.java:49)
	at org.apache.tomcat.util.threads.ThreadPoolExecutor.runWorker(ThreadPoolExecutor.java:1191)
	at org.apache.tomcat.util.threads.ThreadPoolExecutor$Worker.run(ThreadPoolExecutor.java:659)
	at org.apache.tomcat.util.threads.TaskThread$WrappingRunnable.run(TaskThread.java:61)
	at java.lang.Thread.run(Thread.java:748)
2022-04-14 11:51:35.656 [main] INFO  com.af.AfSystemSpringBoot - Starting AfSystemSpringBoot using Java 1.8.0_131 on DESKTOP-MGO4V5P with PID 12784 (C:\Users\19129\eclipse-code-201909\af-could\af-modules\af-system\target\classes started by 19129 in C:\Users\19129\eclipse-code-201909\af-could\af-modules\af-system)
2022-04-14 11:51:35.659 [main] INFO  com.af.AfSystemSpringBoot - No active profile set, falling back to 1 default profile: "default"
2022-04-14 11:51:37.007 [main] INFO  o.s.d.r.config.RepositoryConfigurationDelegate - Multiple Spring Data modules found, entering strict repository configuration mode!
2022-04-14 11:51:37.012 [main] INFO  o.s.d.r.config.RepositoryConfigurationDelegate - Bootstrapping Spring Data Redis repositories in DEFAULT mode.
2022-04-14 11:51:37.058 [main] INFO  o.s.d.r.config.RepositoryConfigurationDelegate - Finished Spring Data repository scanning in 19 ms. Found 0 Redis repository interfaces.
2022-04-14 11:51:37.260 [main] WARN  org.mybatis.spring.mapper.ClassPathMapperScanner - No MyBatis mapper was found in '[com.af]' package. Please check your configuration.
2022-04-14 11:51:38.732 [main] INFO  o.s.boot.web.embedded.tomcat.TomcatWebServer - Tomcat initialized with port(s): 8902 (http)
2022-04-14 11:51:38.747 [main] INFO  org.apache.coyote.http11.Http11NioProtocol - Initializing ProtocolHandler ["http-nio-8902"]
2022-04-14 11:51:38.748 [main] INFO  org.apache.catalina.core.StandardService - Starting service [Tomcat]
2022-04-14 11:51:38.748 [main] INFO  org.apache.catalina.core.StandardEngine - Starting Servlet engine: [Apache Tomcat/9.0.60]
2022-04-14 11:51:38.880 [main] INFO  o.a.c.core.ContainerBase.[Tomcat].[localhost].[/] - Initializing Spring embedded WebApplicationContext
2022-04-14 11:51:38.881 [main] INFO  o.s.b.w.s.c.ServletWebServerApplicationContext - Root WebApplicationContext: initialization completed in 3121 ms
2022-04-14 11:51:42.164 [main] INFO  c.a.d.s.b.a.DruidDataSourceAutoConfigure - Init DruidDataSource
2022-04-14 11:51:42.351 [main] INFO  com.alibaba.druid.pool.DruidDataSource - {dataSource-1} inited
2022-04-14 11:51:44.047 [main] INFO  org.apache.coyote.http11.Http11NioProtocol - Starting ProtocolHandler ["http-nio-8902"]
2022-04-14 11:51:44.067 [main] INFO  o.s.boot.web.embedded.tomcat.TomcatWebServer - Tomcat started on port(s): 8902 (http) with context path ''
2022-04-14 11:51:44.394 [main] WARN  s.d.s.r.operation.OperationImplicitParameterReader - Unable to interpret the implicit parameter configuration with dataType: , dataTypeClass: class java.lang.Void
2022-04-14 11:51:44.426 [main] INFO  com.af.AfSystemSpringBoot - Started AfSystemSpringBoot in 9.417 seconds (JVM running for 10.35)
2022-04-14 11:51:47.998 [http-nio-8902-exec-2] INFO  o.a.c.core.ContainerBase.[Tomcat].[localhost].[/] - Initializing Spring DispatcherServlet 'dispatcherServlet'
2022-04-14 11:51:48.000 [http-nio-8902-exec-2] INFO  org.springframework.web.servlet.DispatcherServlet - Initializing Servlet 'dispatcherServlet'
2022-04-14 11:51:48.001 [http-nio-8902-exec-2] INFO  org.springframework.web.servlet.DispatcherServlet - Completed initialization in 1 ms
2022-04-14 11:54:19.158 [main] INFO  com.af.AfSystemSpringBoot - Starting AfSystemSpringBoot using Java 1.8.0_131 on DESKTOP-MGO4V5P with PID 1044 (C:\Users\19129\eclipse-code-201909\af-could\af-modules\af-system\target\classes started by 19129 in C:\Users\19129\eclipse-code-201909\af-could\af-modules\af-system)
2022-04-14 11:54:19.163 [main] INFO  com.af.AfSystemSpringBoot - No active profile set, falling back to 1 default profile: "default"
2022-04-14 11:54:20.501 [main] INFO  o.s.d.r.config.RepositoryConfigurationDelegate - Multiple Spring Data modules found, entering strict repository configuration mode!
2022-04-14 11:54:20.507 [main] INFO  o.s.d.r.config.RepositoryConfigurationDelegate - Bootstrapping Spring Data Redis repositories in DEFAULT mode.
2022-04-14 11:54:20.561 [main] INFO  o.s.d.r.config.RepositoryConfigurationDelegate - Finished Spring Data repository scanning in 18 ms. Found 0 Redis repository interfaces.
2022-04-14 11:54:20.809 [main] WARN  org.mybatis.spring.mapper.ClassPathMapperScanner - No MyBatis mapper was found in '[com.af]' package. Please check your configuration.
2022-04-14 11:54:22.319 [main] INFO  o.s.boot.web.embedded.tomcat.TomcatWebServer - Tomcat initialized with port(s): 8902 (http)
2022-04-14 11:54:22.334 [main] INFO  org.apache.coyote.http11.Http11NioProtocol - Initializing ProtocolHandler ["http-nio-8902"]
2022-04-14 11:54:22.337 [main] INFO  org.apache.catalina.core.StandardService - Starting service [Tomcat]
2022-04-14 11:54:22.337 [main] INFO  org.apache.catalina.core.StandardEngine - Starting Servlet engine: [Apache Tomcat/9.0.60]
2022-04-14 11:54:22.481 [main] INFO  o.a.c.core.ContainerBase.[Tomcat].[localhost].[/] - Initializing Spring embedded WebApplicationContext
2022-04-14 11:54:22.485 [main] INFO  o.s.b.w.s.c.ServletWebServerApplicationContext - Root WebApplicationContext: initialization completed in 3223 ms
2022-04-14 11:54:25.771 [main] INFO  c.a.d.s.b.a.DruidDataSourceAutoConfigure - Init DruidDataSource
2022-04-14 11:54:25.951 [main] INFO  com.alibaba.druid.pool.DruidDataSource - {dataSource-1} inited
2022-04-14 11:54:27.739 [main] INFO  org.apache.coyote.http11.Http11NioProtocol - Starting ProtocolHandler ["http-nio-8902"]
2022-04-14 11:54:27.761 [main] INFO  o.s.boot.web.embedded.tomcat.TomcatWebServer - Tomcat started on port(s): 8902 (http) with context path ''
2022-04-14 11:54:28.096 [main] WARN  s.d.s.r.operation.OperationImplicitParameterReader - Unable to interpret the implicit parameter configuration with dataType: , dataTypeClass: class java.lang.Void
2022-04-14 11:54:28.136 [main] INFO  com.af.AfSystemSpringBoot - Started AfSystemSpringBoot in 9.623 seconds (JVM running for 10.558)
2022-04-14 11:54:34.220 [http-nio-8902-exec-3] INFO  o.a.c.core.ContainerBase.[Tomcat].[localhost].[/] - Initializing Spring DispatcherServlet 'dispatcherServlet'
2022-04-14 11:54:34.220 [http-nio-8902-exec-3] INFO  org.springframework.web.servlet.DispatcherServlet - Initializing Servlet 'dispatcherServlet'
2022-04-14 11:54:34.221 [http-nio-8902-exec-3] INFO  org.springframework.web.servlet.DispatcherServlet - Completed initialization in 1 ms
2022-04-14 12:01:23.356 [main] INFO  com.af.AfSystemSpringBoot - Starting AfSystemSpringBoot using Java 1.8.0_131 on DESKTOP-MGO4V5P with PID 17980 (C:\Users\19129\eclipse-code-201909\af-could\af-modules\af-system\target\classes started by 19129 in C:\Users\19129\eclipse-code-201909\af-could\af-modules\af-system)
2022-04-14 12:01:23.360 [main] INFO  com.af.AfSystemSpringBoot - No active profile set, falling back to 1 default profile: "default"
2022-04-14 12:01:24.692 [main] INFO  o.s.d.r.config.RepositoryConfigurationDelegate - Multiple Spring Data modules found, entering strict repository configuration mode!
2022-04-14 12:01:24.696 [main] INFO  o.s.d.r.config.RepositoryConfigurationDelegate - Bootstrapping Spring Data Redis repositories in DEFAULT mode.
2022-04-14 12:01:24.739 [main] INFO  o.s.d.r.config.RepositoryConfigurationDelegate - Finished Spring Data repository scanning in 16 ms. Found 0 Redis repository interfaces.
2022-04-14 12:01:24.960 [main] WARN  org.mybatis.spring.mapper.ClassPathMapperScanner - No MyBatis mapper was found in '[com.af]' package. Please check your configuration.
2022-04-14 12:01:26.469 [main] INFO  o.s.boot.web.embedded.tomcat.TomcatWebServer - Tomcat initialized with port(s): 8902 (http)
2022-04-14 12:01:26.486 [main] INFO  org.apache.coyote.http11.Http11NioProtocol - Initializing ProtocolHandler ["http-nio-8902"]
2022-04-14 12:01:26.487 [main] INFO  org.apache.catalina.core.StandardService - Starting service [Tomcat]
2022-04-14 12:01:26.487 [main] INFO  org.apache.catalina.core.StandardEngine - Starting Servlet engine: [Apache Tomcat/9.0.60]
2022-04-14 12:01:26.622 [main] INFO  o.a.c.core.ContainerBase.[Tomcat].[localhost].[/] - Initializing Spring embedded WebApplicationContext
2022-04-14 12:01:26.624 [main] INFO  o.s.b.w.s.c.ServletWebServerApplicationContext - Root WebApplicationContext: initialization completed in 3169 ms
2022-04-14 12:01:29.918 [main] INFO  c.a.d.s.b.a.DruidDataSourceAutoConfigure - Init DruidDataSource
2022-04-14 12:01:30.108 [main] INFO  com.alibaba.druid.pool.DruidDataSource - {dataSource-1} inited
2022-04-14 12:01:31.777 [main] INFO  org.apache.coyote.http11.Http11NioProtocol - Starting ProtocolHandler ["http-nio-8902"]
2022-04-14 12:01:31.798 [main] INFO  o.s.boot.web.embedded.tomcat.TomcatWebServer - Tomcat started on port(s): 8902 (http) with context path ''
2022-04-14 12:01:32.171 [main] WARN  s.d.s.r.operation.OperationImplicitParameterReader - Unable to interpret the implicit parameter configuration with dataType: , dataTypeClass: class java.lang.Void
2022-04-14 12:01:32.202 [main] INFO  com.af.AfSystemSpringBoot - Started AfSystemSpringBoot in 9.484 seconds (JVM running for 10.409)
2022-04-14 12:01:54.986 [http-nio-8902-exec-2] INFO  o.a.c.core.ContainerBase.[Tomcat].[localhost].[/] - Initializing Spring DispatcherServlet 'dispatcherServlet'
2022-04-14 12:01:54.986 [http-nio-8902-exec-2] INFO  org.springframework.web.servlet.DispatcherServlet - Initializing Servlet 'dispatcherServlet'
2022-04-14 12:01:54.987 [http-nio-8902-exec-2] INFO  org.springframework.web.servlet.DispatcherServlet - Completed initialization in 1 ms
